<?xml version="1.0" encoding="UTF-8"?>
<testng-results ignored="0" total="4" passed="4" failed="0" skipped="0">
  <reporter-output>
  </reporter-output>
  <suite started-at="2023-10-07T09:11:09 IST" name="Suite123" finished-at="2023-10-07T09:11:48 IST" duration-ms="39306">
    <groups>
    </groups>
    <test started-at="2023-10-07T09:11:09 IST" name="EdgeTest" finished-at="2023-10-07T09:11:48 IST" duration-ms="39228">
      <class name="testNG_Test.VarifyRegisterPage">
        <test-method is-config="true" signature="launchBrowser(java.lang.String)[pri:0, instance:testNG_Test.VarifyRegisterPage@71075444]" started-at="2023-10-07T09:11:09 IST" name="launchBrowser" finished-at="2023-10-07T09:11:13 IST" duration-ms="3768" status="PASS">
          <params>
            <param index="0">
              <value>
                <![CDATA[Edge]]>
              </value>
            </param>
          </params>
          <reporter-output>
          </reporter-output>
        </test-method> <!-- launchBrowser -->
        <test-method is-config="true" signature="beforeClass()[pri:0, instance:testNG_Test.VarifyRegisterPage@71075444]" started-at="2023-10-07T09:11:13 IST" name="beforeClass" finished-at="2023-10-07T09:11:13 IST" duration-ms="3" status="PASS">
          <reporter-output>
          </reporter-output>
        </test-method> <!-- beforeClass -->
        <test-method is-config="true" signature="beforeMethod()[pri:0, instance:testNG_Test.VarifyRegisterPage@71075444]" started-at="2023-10-07T09:11:13 IST" name="beforeMethod" finished-at="2023-10-07T09:11:23 IST" duration-ms="10180" status="PASS">
          <reporter-output>
          </reporter-output>
        </test-method> <!-- beforeMethod -->
        <test-method signature="test1()[pri:0, instance:testNG_Test.VarifyRegisterPage@71075444]" started-at="2023-10-07T09:11:23 IST" name="test1" finished-at="2023-10-07T09:11:29 IST" duration-ms="5998" status="PASS">
          <reporter-output>
          </reporter-output>
        </test-method> <!-- test1 -->
        <test-method is-config="true" signature="afterMethod()[pri:0, instance:testNG_Test.VarifyRegisterPage@71075444]" started-at="2023-10-07T09:11:29 IST" name="afterMethod" finished-at="2023-10-07T09:11:29 IST" duration-ms="1" status="PASS">
          <reporter-output>
          </reporter-output>
        </test-method> <!-- afterMethod -->
        <test-method is-config="true" signature="beforeMethod()[pri:0, instance:testNG_Test.VarifyRegisterPage@71075444]" started-at="2023-10-07T09:11:29 IST" name="beforeMethod" finished-at="2023-10-07T09:11:34 IST" duration-ms="5153" status="PASS">
          <reporter-output>
          </reporter-output>
        </test-method> <!-- beforeMethod -->
        <test-method signature="test2()[pri:0, instance:testNG_Test.VarifyRegisterPage@71075444]" started-at="2023-10-07T09:11:34 IST" name="test2" finished-at="2023-10-07T09:11:47 IST" duration-ms="12698" status="PASS">
          <reporter-output>
          </reporter-output>
        </test-method> <!-- test2 -->
        <test-method is-config="true" signature="afterMethod()[pri:0, instance:testNG_Test.VarifyRegisterPage@71075444]" started-at="2023-10-07T09:11:47 IST" name="afterMethod" finished-at="2023-10-07T09:11:47 IST" duration-ms="1" status="PASS">
          <reporter-output>
          </reporter-output>
        </test-method> <!-- afterMethod -->
        <test-method is-config="true" signature="afterClass()[pri:0, instance:testNG_Test.VarifyRegisterPage@71075444]" started-at="2023-10-07T09:11:47 IST" name="afterClass" finished-at="2023-10-07T09:11:47 IST" duration-ms="0" status="PASS">
          <reporter-output>
          </reporter-output>
        </test-method> <!-- afterClass -->
        <test-method is-config="true" signature="afterTest()[pri:0, instance:testNG_Test.VarifyRegisterPage@71075444]" started-at="2023-10-07T09:11:47 IST" name="afterTest" finished-at="2023-10-07T09:11:48 IST" duration-ms="1397" status="PASS">
          <reporter-output>
          </reporter-output>
        </test-method> <!-- afterTest -->
      </class> <!-- testNG_Test.VarifyRegisterPage -->
    </test> <!-- EdgeTest -->
    <test started-at="2023-10-07T09:11:09 IST" name="ChromeTest" finished-at="2023-10-07T09:11:48 IST" duration-ms="39306">
      <class name="testNG_Test.VarifyRegisterPage">
        <test-method is-config="true" signature="launchBrowser(java.lang.String)[pri:0, instance:testNG_Test.VarifyRegisterPage@2767e23c]" started-at="2023-10-07T09:11:09 IST" name="launchBrowser" finished-at="2023-10-07T09:11:12 IST" duration-ms="3200" status="PASS">
          <params>
            <param index="0">
              <value>
                <![CDATA[Chrome]]>
              </value>
            </param>
          </params>
          <reporter-output>
          </reporter-output>
        </test-method> <!-- launchBrowser -->
        <test-method is-config="true" signature="beforeClass()[pri:0, instance:testNG_Test.VarifyRegisterPage@2767e23c]" started-at="2023-10-07T09:11:12 IST" name="beforeClass" finished-at="2023-10-07T09:11:12 IST" duration-ms="26" status="PASS">
          <reporter-output>
          </reporter-output>
        </test-method> <!-- beforeClass -->
        <test-method is-config="true" signature="beforeMethod()[pri:0, instance:testNG_Test.VarifyRegisterPage@2767e23c]" started-at="2023-10-07T09:11:12 IST" name="beforeMethod" finished-at="2023-10-07T09:11:23 IST" duration-ms="10559" status="PASS">
          <reporter-output>
          </reporter-output>
        </test-method> <!-- beforeMethod -->
        <test-method signature="test1()[pri:0, instance:testNG_Test.VarifyRegisterPage@2767e23c]" started-at="2023-10-07T09:11:23 IST" name="test1" finished-at="2023-10-07T09:11:29 IST" duration-ms="6116" status="PASS">
          <reporter-output>
          </reporter-output>
        </test-method> <!-- test1 -->
        <test-method is-config="true" signature="afterMethod()[pri:0, instance:testNG_Test.VarifyRegisterPage@2767e23c]" started-at="2023-10-07T09:11:29 IST" name="afterMethod" finished-at="2023-10-07T09:11:29 IST" duration-ms="0" status="PASS">
          <reporter-output>
          </reporter-output>
        </test-method> <!-- afterMethod -->
        <test-method is-config="true" signature="beforeMethod()[pri:0, instance:testNG_Test.VarifyRegisterPage@2767e23c]" started-at="2023-10-07T09:11:29 IST" name="beforeMethod" finished-at="2023-10-07T09:11:33 IST" duration-ms="4505" status="PASS">
          <reporter-output>
          </reporter-output>
        </test-method> <!-- beforeMethod -->
        <test-method signature="test2()[pri:0, instance:testNG_Test.VarifyRegisterPage@2767e23c]" started-at="2023-10-07T09:11:33 IST" name="test2" finished-at="2023-10-07T09:11:47 IST" duration-ms="13837" status="PASS">
          <reporter-output>
          </reporter-output>
        </test-method> <!-- test2 -->
        <test-method is-config="true" signature="afterMethod()[pri:0, instance:testNG_Test.VarifyRegisterPage@2767e23c]" started-at="2023-10-07T09:11:47 IST" name="afterMethod" finished-at="2023-10-07T09:11:47 IST" duration-ms="0" status="PASS">
          <reporter-output>
          </reporter-output>
        </test-method> <!-- afterMethod -->
        <test-method is-config="true" signature="afterTest()[pri:0, instance:testNG_Test.VarifyRegisterPage@2767e23c]" started-at="2023-10-07T09:11:47 IST" name="afterTest" finished-at="2023-10-07T09:11:48 IST" duration-ms="991" status="PASS">
          <reporter-output>
          </reporter-output>
        </test-method> <!-- afterTest -->
        <test-method is-config="true" signature="afterClass()[pri:0, instance:testNG_Test.VarifyRegisterPage@2767e23c]" started-at="2023-10-07T09:11:47 IST" name="afterClass" finished-at="2023-10-07T09:11:47 IST" duration-ms="0" status="PASS">
          <reporter-output>
          </reporter-output>
        </test-method> <!-- afterClass -->
      </class> <!-- testNG_Test.VarifyRegisterPage -->
    </test> <!-- ChromeTest -->
  </suite> <!-- Suite123 -->
</testng-results>
